<?xml version="1.0" encoding="UTF-8"?>
<!-- Generated by org.testng.reporters.JUnitReportReporter -->
<testsuite skipped="0" hostname="Rahul-PC" name="com.SIB.App.SanityTestCases.Declare_A_Disaster" tests="1" failures="0" timestamp="2020-04-26T12:38:14 IST" time="12.297" errors="0">
  <testcase name="declareADisaster" time="12.297" classname="com.SIB.App.SanityTestCases.Declare_A_Disaster"/>
  <system-out/>
</testsuite> <!-- com.SIB.App.SanityTestCases.Declare_A_Disaster -->
