<?xml version="1.0" encoding="UTF-8"?>
<!-- Generated by org.testng.reporters.JUnitReportReporter -->
<testsuite skipped="0" hostname="Rahul-PC" name="com.SIB.App.Tests.LoginTest" tests="1" failures="0" timestamp="2020-04-18T11:13:06 IST" time="5.035" errors="0">
  <testcase name="test" time="5.035" classname="com.SIB.App.Tests.LoginTest"/>
  <system-out/>
</testsuite> <!-- com.SIB.App.Tests.LoginTest -->
